GROUP,PACKAGE,CLASS,INSTRUCTION_MISSED,INSTRUCTION_COVERED,BRANCH_MISSED,BRANCH_COVERED,LINE_MISSED,LINE_COVERED,COMPLEXITY_MISSED,COMPLEXITY_COVERED,METHOD_MISSED,METHOD_COVERED
persistence_g1_3,edu.uga.miage.m1.polygons.gui,App,11,0,0,0,4,0,2,0,2,0
persistence_g1_3,edu.uga.miage.m1.polygons.gui,JDrawingFrame,333,0,14,0,73,0,20,0,13,0
persistence_g1_3,edu.uga.miage.m1.polygons.gui,JDrawingFrame.Shapes,27,0,0,0,2,0,1,0,1,0
persistence_g1_3,edu.uga.miage.m1.polygons.gui,GUIHelper.new WindowAdapter() {...},6,0,0,0,3,0,2,0,2,0
persistence_g1_3,edu.uga.miage.m1.polygons.gui,TheClient,249,0,25,0,66,0,26,0,12,0
persistence_g1_3,edu.uga.miage.m1.polygons.gui,JDrawingFrame.ShapeActionListener,48,0,4,0,11,0,4,0,2,0
persistence_g1_3,edu.uga.miage.m1.polygons.gui,GUIHelper,16,0,0,0,5,0,1,0,1,0
persistence_g1_3,edu.uga.miage.m1.polygons.gui.command,Add,31,0,0,0,12,0,5,0,5,0
persistence_g1_3,edu.uga.miage.m1.polygons.gui.command,Move,52,0,0,0,18,0,7,0,7,0
persistence_g1_3,edu.uga.miage.m1.polygons.gui.command,TheInvoker,86,0,6,0,19,0,8,0,5,0
